TN:
SF:/Users/ghost/Desktop/Projects/pact/freemarm/pact/kadcars.repl
FNF:0
FNH:0
BRF:0
BRH:0
DA:2,1
DA:3,1
DA:7,1
DA:8,1
DA:9,1
LF:5
LH:5
end_of_record
TN:
SF:/Users/ghost/Desktop/Projects/pact/freemarm/pact/root/fungible-v2.pact
FNF:0
FNH:0
BRF:0
BRH:0
DA:1,1
LF:1
LH:1
end_of_record
TN:
SF:/Users/ghost/Desktop/Projects/pact/freemarm/pact/root/coin.pact
FNF:0
FNH:0
BRF:0
BRH:0
DA:1,1
LF:1
LH:1
end_of_record
TN:
SF:/Users/ghost/Desktop/Projects/pact/freemarm/pact/root/gas-payer-v1.pact
FNF:0
FNH:0
BRF:0
BRH:0
DA:1,1
LF:1
LH:1
end_of_record
